[2025-04-16T22:03:49.590Z] gigs2025tokenX107 accessed metro_jethros as admin
[2025-04-16T22:08:25.797Z] gigs2025tokenX107 accessed metro_jethros as admin
[2025-04-16T22:09:31.503Z] jon2025token accessed metro_jethros as user
[2025-04-16T22:17:52.243Z] jon2025token accessed metro_jethros as user
[2025-04-16T22:22:32.464Z] jon2025token accessed metro_jethros as user
[2025-04-16T22:27:25.825Z] jon2025token accessed metro_jethros as user
[2025-04-16T22:27:55.885Z] jon2025token accessed metro_jethros as user
[2025-04-16T22:30:29.197Z] jon2025token accessed metro_jethros as user
[2025-04-16T22:32:35.468Z] jon2025token accessed metro_jethros as user
[2025-04-16T22:33:17.923Z] jon2025token accessed metro_jethros as user
[2025-04-16T22:34:57.412Z] jon2025token accessed metro_jethros as user
[2025-04-16T22:39:35.276Z] jon2025token accessed metro_jethros as user
[2025-04-16T22:39:55.492Z] jon2025token accessed metro_jethros as user
[2025-04-16T22:40:51.236Z] jon2025token accessed metro_jethros as user
[2025-04-16T22:42:21.387Z] jon2025token accessed metro_jethros as user
[2025-04-16T22:49:00.950Z] jon2025token accessed metro_jethros as user
[2025-04-16T22:58:07.142Z] jon2025token accessed metro_jethros as user
[2025-04-16T22:58:33.920Z] jon2025token accessed metro_jethros as user
[2025-04-16T22:59:50.311Z] jon2025token accessed metro_jethros as user
[2025-04-16T23:07:14.318Z] jon2025token accessed metro_jethros as user
[2025-04-16T23:08:56.755Z] jon2025token accessed metro_jethros as user
[2025-04-16T23:11:36.549Z] jon2025token accessed metro_jethros as user
[2025-04-16T23:14:39.161Z] jon2025token accessed metro_jethros as user
[2025-04-16T23:15:38.836Z] jon2025token accessed metro_jethros as user
[2025-04-17T00:06:30.611Z] gigs2025tokenX107 accessed metro_jethros as admin
[2025-04-17T00:06:48.214Z] jon2025token accessed metro_jethros as user
[2025-04-17T00:06:51.175Z] jon2025token accessed metro_jethros as user
[2025-04-17T00:07:37.888Z] gigs2025tokenX107 accessed metro_jethros as admin
[2025-04-17T00:07:42.797Z] gigs2025tokenX107 accessed metro_jethros as admin
[2025-04-17T00:11:10.724Z] gigs2025tokenX107 accessed metro_jethros as admin
[2025-04-17T00:11:12.759Z] gigs2025tokenX107 accessed metro_jethros as admin
[2025-04-17T00:11:14.976Z] gigs2025tokenX107 accessed metro_jethros as admin
[2025-04-17T00:11:16.396Z] gigs2025tokenX107 accessed metro_jethros as admin
[2025-04-17T00:11:18.016Z] gigs2025tokenX107 accessed metro_jethros as admin
[2025-04-17T00:11:22.893Z] gigs2025tokenX107 accessed metro_jethros as admin
[2025-04-17T00:11:25.041Z] gigs2025tokenX107 accessed metro_jethros as admin
[2025-04-17T00:12:07.535Z] gigs2025tokenX107 accessed metro_jethros as admin
[2025-04-17T00:12:41.404Z] gigs2025tokenX107 accessed metro_jethros as admin
[2025-04-17T00:12:50.807Z] gigs2025tokenX107 accessed metro_jethros as admin
[2025-04-17T00:12:52.169Z] gigs2025tokenX107 accessed metro_jethros as admin
[2025-04-17T00:12:56.394Z] gigs2025tokenX107 accessed metro_jethros as admin
[2025-04-17T00:13:03.694Z] gigs2025tokenX107 accessed metro_jethros as admin
[2025-04-17T00:28:35.899Z] gigs2025tokenX107 accessed metro_jethros as admin
[2025-04-17T00:30:28.497Z] gigs2025tokenX107 accessed metro_jethros as admin
[2025-04-17T00:31:06.188Z] jon2025token accessed metro_jethros as user
[2025-04-17T00:31:12.275Z] jon2025token accessed metro_jethros as user
[2025-04-17T00:34:07.624Z] jon2025token accessed metro_jethros as user
[2025-04-17T00:34:16.397Z] jon2025token accessed metro_jethros as user
[2025-04-17T00:49:14.124Z] jon2025token accessed metro_jethros as user
[2025-04-17T00:49:22.415Z] gigs2025tokenX107 accessed moon_unit as admin
[2025-04-17T00:50:46.985Z] jon2025token accessed metro_jethros as user
[2025-04-17T00:51:43.980Z] jon2025token accessed metro_jethros as user
[2025-04-17T00:55:42.500Z] gigs2025tokenX107 accessed moon_unit as admin
[2025-04-17T00:55:46.023Z] gigs2025tokenX107 accessed moon_unit as admin
[2025-04-17T01:26:07.180Z] gigs2025tokenX107 accessed moon_unit as admin
[2025-04-17T01:26:24.244Z] jon2025token accessed metro_jethros as user
[2025-04-17T01:37:54.241Z] jon2025token accessed metro_jethros as user
[2025-04-17T02:14:58.464Z] jon2025token accessed metro_jethros as user
[2025-04-17T02:15:06.540Z] gigs2025tokenX107 accessed moon_unit as admin
[2025-04-17T02:24:57.793Z] jon2025token accessed metro_jethros as user
[2025-04-17T02:26:16.504Z] gigs2025tokenX107 accessed moon_unit as admin
[2025-04-17T02:26:21.392Z] jon2025token accessed metro_jethros as user
[2025-04-17T02:27:38.415Z] moon2025token accessed moon_unit as admin
[2025-04-17T02:27:42.182Z] mellow2025token accessed mellow_swells as admin
[2025-04-17T02:27:45.630Z] jon2025token accessed metro_jethros as user
[2025-04-17T02:44:18.295Z] jon2025token accessed metro_jethros as user
[2025-04-17T02:46:59.624Z] jon2025token accessed metro_jethros as user
[2025-04-17T02:47:00.009Z] jon2025token accessed metro_jethros as user
[2025-04-17T02:47:07.543Z] jon2025token accessed metro_jethros as user
[2025-04-17T03:51:33.031Z] mellow2025token accessed mellow_swells as admin
[2025-04-17T03:51:38.204Z] moon2025token accessed moon_unit as admin
[2025-04-17T03:51:45.270Z] mellow2025token accessed mellow_swells as admin
[2025-04-17T03:51:50.076Z] jon2025token accessed metro_jethros as user
[2025-04-17T04:05:55.295Z] jon2025token accessed metro_jethros as user
[2025-04-17T05:08:10.510Z] jon2025token accessed metro_jethros as user
[2025-04-17T11:48:29.133Z] jon2025token accessed metro_jethros as user
[2025-04-17T17:31:56.428Z] jon2025token accessed metro_jethros as user
[2025-04-17T17:32:00.715Z] jon2025token accessed metro_jethros as user
[2025-04-17T19:27:04.389Z] mellow2025token accessed mellow_swells as admin
[2025-04-17T19:28:35.946Z] jon2025token accessed metro_jethros as user
[2025-04-17T19:31:16.927Z] moon2025token accessed moon_unit as admin
[2025-04-17T19:32:31.201Z] jon2025token accessed metro_jethros as user
[2025-04-17T19:38:36.290Z] gigs2025tokenX107 accessed mellow_swells as admin
[2025-04-17T19:38:48.582Z] gigs2025tokenX107 accessed mellow_swells as admin
[2025-04-17T19:38:52.040Z] gigs2025tokenX107 accessed mellow_swells as admin
[2025-04-17T19:38:53.941Z] gigs2025tokenX107 accessed mellow_swells as admin
[2025-04-17T19:40:24.652Z] gigs2025tokenX107 accessed mellow_swells as admin
[2025-04-17T19:40:26.135Z] gigs2025tokenX107 accessed mellow_swells as admin
[2025-04-17T19:40:52.156Z] gigs2025tokenX107 accessed mellow_swells as admin
