[2025-04-16T19:40:04.706Z] [TEST-EMAIL]
Input: We have a new gig on July 9 at Melonaid in Hickory at 9pm....
Output: {"date":"2025-07-09","venue":"Melonaid","city":"Hickory","time":"9pm"}...

---
[2025-04-16T19:40:40.038Z] [PARSE-GIG]
Input: We have a new gig on July 9 at Melonaid in Hickory at 9pm....
Output: {"date":"2025-07-09","venue":"Melonaid","city":"Hickory","time":"9pm"}...

---
[2025-04-16T19:42:09.690Z] [PARSE-GIG]
Input: We have a new gig on July 9 at Melonaid in Hickory at 9pm....
Output: {"date":"2025-07-09","venue":"Melonaid","city":"Hickory","time":"9pm"}...

---
[2025-04-16T19:43:40.450Z] [TEST-EMAIL]
Input: We have a new gig on July 9 at Melonaid in Hickory at 9pm....
Output: {"date":"2025-07-09","venue":"Melonaid","city":"Hickory","time":"9pm"}...

---
[2025-04-16T19:50:55.360Z] [PARSE-GIG]
Input: We have a new gig on July 9 at Melonaid in Hickory at 9pm....
Output: {"date":"2025-07-09","venue":"Melonaid","city":"Hickory","time":"9pm"}...

---
[2025-04-16T19:51:05.596Z] [TEST-EMAIL]
Input: We have a new gig on July 9 at Melonaid in Hickory at 9pm....
Output: {"date":"2025-07-09","venue":"Melonaid","city":"Hickory","time":"9pm"}...

---
[2025-04-16T20:02:48.990Z] [PARSE-GIG]
Input: We have a new gig on July 9 at Melonaid in Hickory at 9pm....
Output: {"date":"2025-07-09","venue":"Melonaid","city":"Hickory","time":"9pm"}...

---
[2025-04-16T20:03:48.887Z] [PARSE-GIG]
Input: We have a new gig on July 9 at Melonaid in Hickory at 9pm....
Output: {"date":"2025-07-09","venue":"Melonaid","city":"Hickory","time":"9pm"}...

---
[2025-04-16T20:04:34.190Z] [PARSE-GIG]
Input: We have a new gig on July 9 at Melonaid in Hickory at 9pm....
Output: {"date":"2025-07-09","venue":"Melonaid","city":"Hickory","time":"9pm"}...

---
[2025-04-16T20:04:51.034Z] [TEST-EMAIL]
Input: We have a new gig on July 9 at Melonaid in Hickory at 9pm....
Output: {"date":"2025-07-09","venue":"Melonaid","city":"Hickory","time":"9pm"}...

---
[2025-04-16T20:05:33.021Z] [PARSE-GIG]
Input: We have a new gig on July 9 at Melonaid in Hickory at 9pm....
Output: {"date":"2025-07-09","venue":"Melonaid","city":"Hickory","time":"9pm"}...

---
[2025-04-16T20:08:47.783Z] [PARSE-GIG]
Input: We have a new gig on July 9 at Melonaid in Hickory at 9pm....
Output: {"date":"2025-07-09","venue":"Melonaid","city":"Hickory","time":"9pm"}...

---
[2025-04-16T20:08:51.269Z] [PARSE-GIG]
Input: We have a new gig on July 9 at Melonaid in Hickory at 9pm....
Output: {"date":"2025-07-09","venue":"Melonaid","city":"Hickory","time":"9pm"}...

---
[2025-04-16T20:09:12.540Z] [PARSE-GIG]
Input: We have a new gig on July 9 at Melonaid in Hickory at 9pm....
Output: {"date":"2025-07-09","venue":"Melonaid","city":"Hickory","time":"9pm"}...

---
[2025-04-16T20:09:24.750Z] [TEST-EMAIL]
Input: We have a new gig on July 9 at Melonaid in Hickory at 9pm....
Output: {"date":"2025-07-09","venue":"Melonaid","city":"Hickory","time":"9pm"}...

---
[2025-04-16T20:12:29.180Z] [PARSE-GIG]
Input: We have a new gig on July 9 at Melonaid in Hickory at 9pm....
Output: {"date":"2025-07-09","venue":"Melonaid","city":"Hickory","time":"9pm"}...

---
[2025-04-16T20:12:46.888Z] [TEST-EMAIL]
Input: We have a new gig on July 9 at Melonaid in Hickory at 6pm....
Output: {"date":"2025-07-09","venue":"Melonaid","city":"Hickory","time":"6pm"}...

---
